2018-04-20 09:06:56:911 INFO  Solucion:20 - a
2018-04-20 09:06:56:912 INFO  Solucion:22 - bbb
2018-04-20 09:06:56:912 INFO  Solucion:20 - ab
2018-04-20 09:06:56:912 INFO  Solucion:22 - 
2018-04-20 09:17:57:552 INFO  TestSolucion:31 - Ejecutando la prueba
2018-04-20 09:17:57:555 INFO  Solucion:20 - a
2018-04-20 09:17:57:555 INFO  Solucion:22 - bb
2018-04-20 09:17:57:555 INFO  Solucion:20 - ab
2018-04-20 09:17:57:556 INFO  Solucion:22 - 
2018-04-20 09:17:57:556 INFO  Solucion:20 - a
2018-04-20 09:17:57:556 INFO  Solucion:22 - 
2018-04-20 09:17:57:557 INFO  Solucion:20 - 1
2018-04-20 09:17:57:557 INFO  Solucion:22 - 22
2018-04-20 09:17:57:557 INFO  Solucion:20 - 12
2018-04-20 09:17:57:557 INFO  Solucion:22 - 
2018-04-20 09:17:57:558 INFO  Solucion:20 - a
2018-04-20 09:17:57:558 INFO  Solucion:22 - bdfbdf
2018-04-20 09:17:57:558 INFO  Solucion:20 - ab
2018-04-20 09:17:57:559 INFO  Solucion:22 - dfdf
2018-04-20 09:17:57:559 INFO  Solucion:20 - abd
2018-04-20 09:17:57:560 INFO  Solucion:22 - ff
2018-04-20 09:17:57:560 INFO  Solucion:20 - abdf
2018-04-20 09:17:57:561 INFO  Solucion:22 - 
2018-04-20 09:17:57:561 INFO  Solucion:20 - a
2018-04-20 09:17:57:561 INFO  Solucion:22 - cc
2018-04-20 09:17:57:561 INFO  Solucion:20 - ac
2018-04-20 09:17:57:562 INFO  Solucion:22 - 
2018-04-20 09:17:57:562 INFO  Solucion:20 - n
2018-04-20 09:17:57:562 INFO  Solucion:22 - ooo
2018-04-20 09:17:57:562 INFO  Solucion:20 - no
2018-04-20 09:17:57:563 INFO  Solucion:22 - 
2018-04-20 09:17:57:563 INFO  Solucion:20 - s
2018-04-20 09:17:57:563 INFO  Solucion:22 - iii
2018-04-20 09:17:57:564 INFO  Solucion:20 - si
2018-04-20 09:17:57:564 INFO  Solucion:22 - 
2018-04-20 09:17:57:564 INFO  Solucion:20 - h
2018-04-20 09:17:57:565 INFO  Solucion:22 - olaolaola
2018-04-20 09:17:57:565 INFO  Solucion:20 - ho
2018-04-20 09:17:57:565 INFO  Solucion:22 - lalala
2018-04-20 09:17:57:565 INFO  Solucion:20 - hol
2018-04-20 09:17:57:565 INFO  Solucion:22 - aaa
2018-04-20 09:17:57:565 INFO  Solucion:20 - hola
2018-04-20 09:17:57:566 INFO  Solucion:22 - 
2018-04-20 09:17:57:566 INFO  Solucion:20 - 1
2018-04-20 09:17:57:566 INFO  Solucion:22 - 2323
2018-04-20 09:17:57:566 INFO  Solucion:20 - 12
2018-04-20 09:17:57:566 INFO  Solucion:22 - 33
2018-04-20 09:17:57:567 INFO  Solucion:20 - 123
2018-04-20 09:17:57:567 INFO  Solucion:22 - 
2018-04-20 09:17:57:567 INFO  Solucion:20 - a
2018-04-20 09:17:57:567 INFO  Solucion:22 - bdbd
2018-04-20 09:17:57:568 INFO  Solucion:20 - ab
2018-04-20 09:17:57:568 INFO  Solucion:22 - dd
2018-04-20 09:17:57:568 INFO  Solucion:20 - abd
2018-04-20 09:17:57:568 INFO  Solucion:22 - 
2018-04-20 09:17:57:568 INFO  Solucion:20 - b
2018-04-20 09:17:57:569 INFO  Solucion:22 - aaa
2018-04-20 09:17:57:569 INFO  Solucion:20 - ba
2018-04-20 09:17:57:569 INFO  Solucion:22 - 
2018-04-20 09:18:31:407 INFO  TestSolucion:31 - Ejecutando la prueba
2018-04-20 09:18:31:410 INFO  Solucion:20 - a
2018-04-20 09:18:31:411 INFO  Solucion:22 - bb
2018-04-20 09:18:31:411 INFO  Solucion:20 - ab
2018-04-20 09:18:31:411 INFO  Solucion:22 - 
2018-04-20 09:18:31:412 INFO  Solucion:20 - a
2018-04-20 09:18:31:412 INFO  Solucion:22 - 
2018-04-20 09:18:31:412 INFO  Solucion:20 - 1
2018-04-20 09:18:31:412 INFO  Solucion:22 - 22
2018-04-20 09:18:31:413 INFO  Solucion:20 - 12
2018-04-20 09:18:31:413 INFO  Solucion:22 - 
2018-04-20 09:18:31:413 INFO  Solucion:20 - a
2018-04-20 09:18:31:413 INFO  Solucion:22 - bdfbdf
2018-04-20 09:18:31:413 INFO  Solucion:20 - ab
2018-04-20 09:18:31:414 INFO  Solucion:22 - dfdf
2018-04-20 09:18:31:414 INFO  Solucion:20 - abd
2018-04-20 09:18:31:415 INFO  Solucion:22 - ff
2018-04-20 09:18:31:415 INFO  Solucion:20 - abdf
2018-04-20 09:18:31:415 INFO  Solucion:22 - 
2018-04-20 09:18:31:415 INFO  Solucion:20 - a
2018-04-20 09:18:31:416 INFO  Solucion:22 - cc
2018-04-20 09:18:31:416 INFO  Solucion:20 - ac
2018-04-20 09:18:31:416 INFO  Solucion:22 - 
2018-04-20 09:18:31:416 INFO  Solucion:20 - n
2018-04-20 09:18:31:416 INFO  Solucion:22 - ooo
2018-04-20 09:18:31:417 INFO  Solucion:20 - no
2018-04-20 09:18:31:417 INFO  Solucion:22 - 
2018-04-20 09:18:31:417 INFO  Solucion:20 - s
2018-04-20 09:18:31:417 INFO  Solucion:22 - iii
2018-04-20 09:18:31:417 INFO  Solucion:20 - si
2018-04-20 09:18:31:418 INFO  Solucion:22 - 
2018-04-20 09:18:31:418 INFO  Solucion:20 - h
2018-04-20 09:18:31:418 INFO  Solucion:22 - olaolaola
2018-04-20 09:18:31:418 INFO  Solucion:20 - ho
2018-04-20 09:18:31:418 INFO  Solucion:22 - lalala
2018-04-20 09:18:31:419 INFO  Solucion:20 - hol
2018-04-20 09:18:31:419 INFO  Solucion:22 - aaa
2018-04-20 09:18:31:419 INFO  Solucion:20 - hola
2018-04-20 09:18:31:419 INFO  Solucion:22 - 
2018-04-20 09:18:31:419 INFO  Solucion:20 - 1
2018-04-20 09:18:31:420 INFO  Solucion:22 - 2323
2018-04-20 09:18:31:420 INFO  Solucion:20 - 12
2018-04-20 09:18:31:420 INFO  Solucion:22 - 33
2018-04-20 09:18:31:420 INFO  Solucion:20 - 123
2018-04-20 09:18:31:420 INFO  Solucion:22 - 
2018-04-20 09:18:31:420 INFO  Solucion:20 - a
2018-04-20 09:18:31:421 INFO  Solucion:22 - bdbd
2018-04-20 09:18:31:421 INFO  Solucion:20 - ab
2018-04-20 09:18:31:421 INFO  Solucion:22 - dd
2018-04-20 09:18:31:421 INFO  Solucion:20 - abd
2018-04-20 09:18:31:421 INFO  Solucion:22 - 
2018-04-20 09:18:31:421 INFO  Solucion:20 - b
2018-04-20 09:18:31:422 INFO  Solucion:22 - aa
2018-04-20 09:18:31:422 INFO  Solucion:20 - ba
2018-04-20 09:18:31:422 INFO  Solucion:22 - b
2018-04-20 09:18:31:422 INFO  Solucion:20 - a
2018-04-20 09:18:31:422 INFO  Solucion:22 - bbb
2018-04-20 09:18:31:423 INFO  Solucion:20 - ab
2018-04-20 09:18:31:423 INFO  Solucion:22 - a
2018-04-20 09:18:31:423 INFO  Solucion:20 - aba
2018-04-20 09:18:31:423 INFO  Solucion:22 - b
2018-04-20 09:18:31:423 INFO  Solucion:20 - a
2018-04-20 09:18:31:424 INFO  Solucion:22 - bb
2018-04-20 09:18:31:424 INFO  Solucion:20 - ab
2018-04-20 09:18:31:424 INFO  Solucion:22 - ba
2018-04-20 09:18:31:424 INFO  Solucion:20 - a
2018-04-20 09:18:31:424 INFO  Solucion:22 - b35b
2018-04-20 09:18:31:425 INFO  Solucion:20 - ab
2018-04-20 09:18:31:425 INFO  Solucion:22 - 35
2018-04-20 09:18:31:425 INFO  Solucion:20 - ab3
2018-04-20 09:18:31:425 INFO  Solucion:22 - 5ab
2018-04-20 09:18:31:425 INFO  Solucion:20 - a
2018-04-20 09:18:31:426 INFO  Solucion:22 - bbc
2018-04-20 09:18:31:426 INFO  Solucion:20 - ab
2018-04-20 09:18:31:426 INFO  Solucion:22 - c
2018-04-20 09:18:31:426 INFO  Solucion:20 - a
2018-04-20 09:18:31:426 INFO  Solucion:22 - bbc
2018-04-20 09:18:31:426 INFO  Solucion:20 - ab
2018-04-20 09:18:31:427 INFO  Solucion:22 - bc
2018-04-20 09:18:31:427 INFO  Solucion:20 - 1
2018-04-20 09:18:31:427 INFO  Solucion:22 - 23
2018-04-20 09:18:31:427 INFO  Solucion:20 - 12
2018-04-20 09:18:31:427 INFO  Solucion:22 - 31
2018-04-20 09:18:31:427 INFO  Solucion:20 - 1
2018-04-20 09:18:31:428 INFO  Solucion:22 - 22
2018-04-20 09:18:31:428 INFO  Solucion:20 - 11
2018-04-20 09:18:31:428 INFO  Solucion:22 - 12121
2018-04-20 09:18:31:428 INFO  Solucion:20 - 111
2018-04-20 09:18:31:429 INFO  Solucion:22 - 221
2018-04-20 09:18:31:429 INFO  Solucion:20 - 1112
2018-04-20 09:18:31:429 INFO  Solucion:22 - 1111111
2018-04-20 09:18:31:429 INFO  Solucion:20 - 11121
2018-04-20 09:18:31:429 INFO  Solucion:22 - 1121111111
2018-04-20 09:18:31:430 INFO  Solucion:20 - 111211
2018-04-20 09:18:31:430 INFO  Solucion:22 - 121111111
2018-04-20 09:18:31:430 INFO  Solucion:20 - 1112111
2018-04-20 09:18:31:430 INFO  Solucion:22 - 21111111
2018-04-20 09:24:00:751 INFO  TestSolucion:31 - Ejecutando la prueba
2018-04-20 09:24:00:754 INFO  Solucion:24 - a
2018-04-20 09:24:00:755 INFO  Solucion:26 - bb
2018-04-20 09:24:00:755 INFO  Solucion:24 - ab
2018-04-20 09:24:00:755 INFO  Solucion:26 - 
2018-04-20 09:24:00:756 INFO  Solucion:24 - a
2018-04-20 09:24:00:756 INFO  Solucion:26 - 
2018-04-20 09:24:00:756 INFO  Solucion:24 - 1
2018-04-20 09:24:00:756 INFO  Solucion:26 - 22
2018-04-20 09:24:00:756 INFO  Solucion:24 - 12
2018-04-20 09:24:00:757 INFO  Solucion:26 - 
2018-04-20 09:24:00:757 INFO  Solucion:24 - a
2018-04-20 09:24:00:757 INFO  Solucion:26 - bdfbdf
2018-04-20 09:24:00:757 INFO  Solucion:24 - ab
2018-04-20 09:24:00:758 INFO  Solucion:26 - dfdf
2018-04-20 09:24:00:758 INFO  Solucion:24 - abdf
2018-04-20 09:24:00:759 INFO  Solucion:26 - 
2018-04-20 09:24:00:759 INFO  Solucion:24 - a
2018-04-20 09:24:00:759 INFO  Solucion:26 - cc
2018-04-20 09:24:00:760 INFO  Solucion:24 - ac
2018-04-20 09:24:00:760 INFO  Solucion:26 - 
2018-04-20 09:24:00:760 INFO  Solucion:24 - n
2018-04-20 09:24:00:760 INFO  Solucion:26 - ooo
2018-04-20 09:24:00:760 INFO  Solucion:24 - no
2018-04-20 09:24:00:761 INFO  Solucion:26 - 
2018-04-20 09:24:00:761 INFO  Solucion:24 - s
2018-04-20 09:24:00:761 INFO  Solucion:26 - iii
2018-04-20 09:24:00:761 INFO  Solucion:24 - si
2018-04-20 09:24:00:761 INFO  Solucion:26 - 
2018-04-20 09:24:00:761 INFO  Solucion:24 - h
2018-04-20 09:24:00:762 INFO  Solucion:26 - olaolaola
2018-04-20 09:24:00:762 INFO  Solucion:24 - ho
2018-04-20 09:24:00:762 INFO  Solucion:26 - lalala
2018-04-20 09:24:00:762 INFO  Solucion:24 - hol
2018-04-20 09:24:00:762 INFO  Solucion:26 - aaa
2018-04-20 09:24:00:763 INFO  Solucion:24 - hola
2018-04-20 09:24:00:763 INFO  Solucion:26 - 
2018-04-20 09:24:00:763 INFO  Solucion:24 - 1
2018-04-20 09:24:00:763 INFO  Solucion:26 - 2323
2018-04-20 09:24:00:763 INFO  Solucion:24 - 12
2018-04-20 09:24:00:763 INFO  Solucion:26 - 33
2018-04-20 09:24:00:764 INFO  Solucion:24 - 123
2018-04-20 09:24:00:764 INFO  Solucion:26 - 
2018-04-20 09:24:00:764 INFO  Solucion:24 - a
2018-04-20 09:24:00:764 INFO  Solucion:26 - bdbd
2018-04-20 09:24:00:764 INFO  Solucion:24 - ab
2018-04-20 09:24:00:764 INFO  Solucion:26 - dd
2018-04-20 09:24:00:765 INFO  Solucion:24 - abd
2018-04-20 09:24:00:765 INFO  Solucion:26 - 
2018-04-20 09:24:00:765 INFO  Solucion:24 - b
2018-04-20 09:24:00:765 INFO  Solucion:26 - aa
2018-04-20 09:24:00:765 INFO  Solucion:24 - a
2018-04-20 09:24:00:766 INFO  Solucion:26 - bbb
2018-04-20 09:24:00:766 INFO  Solucion:24 - a
2018-04-20 09:24:00:766 INFO  Solucion:26 - bb
2018-04-20 09:24:00:766 INFO  Solucion:24 - ab
2018-04-20 09:24:00:766 INFO  Solucion:26 - ba
2018-04-20 09:24:00:767 INFO  Solucion:24 - a
2018-04-20 09:24:00:767 INFO  Solucion:26 - b35b
2018-04-20 09:24:00:767 INFO  Solucion:24 - ab
2018-04-20 09:24:00:767 INFO  Solucion:26 - 35
2018-04-20 09:24:00:767 INFO  Solucion:24 - ab3
2018-04-20 09:24:00:768 INFO  Solucion:26 - 5ab
2018-04-20 09:24:00:768 INFO  Solucion:24 - a
2018-04-20 09:24:00:768 INFO  Solucion:26 - bbc
2018-04-20 09:24:00:768 INFO  Solucion:24 - a
2018-04-20 09:24:00:768 INFO  Solucion:26 - bbc
2018-04-20 09:24:00:768 INFO  Solucion:24 - ab
2018-04-20 09:24:00:769 INFO  Solucion:26 - bc
2018-04-20 09:24:00:769 INFO  Solucion:24 - 1
2018-04-20 09:24:00:769 INFO  Solucion:26 - 23
2018-04-20 09:24:00:769 INFO  Solucion:24 - 12
2018-04-20 09:24:00:769 INFO  Solucion:26 - 31
2018-04-20 09:24:00:770 INFO  Solucion:24 - 1
2018-04-20 09:24:00:770 INFO  Solucion:26 - 22
2018-04-20 09:24:00:770 INFO  Solucion:24 - 111
2018-04-20 09:24:00:770 INFO  Solucion:26 - 221
2018-04-20 09:24:00:771 INFO  Solucion:24 - 11121
2018-04-20 09:24:00:771 INFO  Solucion:26 - 1121111111
2018-04-20 09:24:08:670 INFO  TestSolucion:31 - Ejecutando la prueba
2018-04-20 09:24:08:673 INFO  Solucion:24 - a
2018-04-20 09:24:08:674 INFO  Solucion:26 - bb
2018-04-20 09:24:08:674 INFO  Solucion:24 - ab
2018-04-20 09:24:08:675 INFO  Solucion:26 - 
2018-04-20 09:24:08:675 INFO  Solucion:24 - a
2018-04-20 09:24:08:675 INFO  Solucion:26 - 
2018-04-20 09:24:08:676 INFO  Solucion:24 - 1
2018-04-20 09:24:08:676 INFO  Solucion:26 - 22
2018-04-20 09:24:08:677 INFO  Solucion:24 - 12
2018-04-20 09:24:08:677 INFO  Solucion:26 - 
2018-04-20 09:24:08:677 INFO  Solucion:24 - a
2018-04-20 09:24:08:677 INFO  Solucion:26 - bdfbdf
2018-04-20 09:24:08:678 INFO  Solucion:24 - ab
2018-04-20 09:24:08:678 INFO  Solucion:26 - dfdf
2018-04-20 09:24:08:678 INFO  Solucion:24 - abdf
2018-04-20 09:24:08:680 INFO  Solucion:26 - 
2018-04-20 09:24:08:680 INFO  Solucion:24 - a
2018-04-20 09:24:08:681 INFO  Solucion:26 - cc
2018-04-20 09:24:08:681 INFO  Solucion:24 - ac
2018-04-20 09:24:08:681 INFO  Solucion:26 - 
2018-04-20 09:24:08:681 INFO  Solucion:24 - n
2018-04-20 09:24:08:682 INFO  Solucion:26 - ooo
2018-04-20 09:24:08:682 INFO  Solucion:24 - no
2018-04-20 09:24:08:682 INFO  Solucion:26 - 
2018-04-20 09:24:08:682 INFO  Solucion:24 - s
2018-04-20 09:24:08:683 INFO  Solucion:26 - iii
2018-04-20 09:24:08:683 INFO  Solucion:24 - si
2018-04-20 09:24:08:683 INFO  Solucion:26 - 
2018-04-20 09:24:08:684 INFO  Solucion:24 - h
2018-04-20 09:24:08:684 INFO  Solucion:26 - olaolaola
2018-04-20 09:24:08:684 INFO  Solucion:24 - ho
2018-04-20 09:24:08:685 INFO  Solucion:26 - lalala
2018-04-20 09:24:08:685 INFO  Solucion:24 - hol
2018-04-20 09:24:08:685 INFO  Solucion:26 - aaa
2018-04-20 09:24:08:685 INFO  Solucion:24 - hola
2018-04-20 09:24:08:686 INFO  Solucion:26 - 
2018-04-20 09:24:08:686 INFO  Solucion:24 - 1
2018-04-20 09:24:08:686 INFO  Solucion:26 - 2323
2018-04-20 09:24:08:686 INFO  Solucion:24 - 12
2018-04-20 09:24:08:687 INFO  Solucion:26 - 33
2018-04-20 09:24:08:687 INFO  Solucion:24 - 123
2018-04-20 09:24:08:687 INFO  Solucion:26 - 
2018-04-20 09:24:08:687 INFO  Solucion:24 - a
2018-04-20 09:24:08:688 INFO  Solucion:26 - bdbd
2018-04-20 09:24:08:688 INFO  Solucion:24 - ab
2018-04-20 09:24:08:688 INFO  Solucion:26 - dd
2018-04-20 09:24:08:688 INFO  Solucion:24 - abd
2018-04-20 09:24:08:689 INFO  Solucion:26 - 
2018-04-20 09:24:08:689 INFO  Solucion:24 - b
2018-04-20 09:24:08:689 INFO  Solucion:26 - aa
2018-04-20 09:24:08:689 INFO  Solucion:24 - a
2018-04-20 09:24:08:690 INFO  Solucion:26 - bbb
2018-04-20 09:24:08:690 INFO  Solucion:24 - a
2018-04-20 09:24:08:690 INFO  Solucion:26 - bb
2018-04-20 09:24:08:690 INFO  Solucion:24 - ab
2018-04-20 09:24:08:691 INFO  Solucion:26 - ba
2018-04-20 09:24:08:691 INFO  Solucion:24 - a
2018-04-20 09:24:08:691 INFO  Solucion:26 - b35b
2018-04-20 09:24:08:691 INFO  Solucion:24 - ab
2018-04-20 09:24:08:692 INFO  Solucion:26 - 35
2018-04-20 09:24:08:692 INFO  Solucion:24 - ab3
2018-04-20 09:24:08:692 INFO  Solucion:26 - 5ab
2018-04-20 09:24:08:693 INFO  Solucion:24 - a
2018-04-20 09:24:08:693 INFO  Solucion:26 - bbc
2018-04-20 09:24:08:693 INFO  Solucion:24 - a
2018-04-20 09:24:08:693 INFO  Solucion:26 - bbc
2018-04-20 09:24:08:694 INFO  Solucion:24 - ab
2018-04-20 09:24:08:694 INFO  Solucion:26 - bc
2018-04-20 09:24:08:694 INFO  Solucion:24 - 1
2018-04-20 09:24:08:694 INFO  Solucion:26 - 23
2018-04-20 09:24:08:695 INFO  Solucion:24 - 12
2018-04-20 09:24:08:695 INFO  Solucion:26 - 31
2018-04-20 09:24:08:695 INFO  Solucion:24 - 1
2018-04-20 09:24:08:695 INFO  Solucion:26 - 22
2018-04-20 09:24:08:696 INFO  Solucion:24 - 111
2018-04-20 09:24:08:696 INFO  Solucion:26 - 221
2018-04-20 09:24:08:696 INFO  Solucion:24 - 11121
2018-04-20 09:24:08:696 INFO  Solucion:26 - 1121111111
